app/build/outputs/logs/manifest-merger-release-report.txt
-- Merging decision tree log ---
manifest
ADDED from src\main\AndroidManifest.xml:2:1-97:12
	package
		ADDED from src\main\AndroidManifest.xml:3:5-33
		INJECTED from src\main\AndroidManifest.xml
		INJECTED from src\main\AndroidManifest.xml
	android:versionName
		INJECTED from src\main\AndroidManifest.xml
		INJECTED from src\main\AndroidManifest.xml
	xmlns:android
		ADDED from src\main\AndroidManifest.xml:2:11-69
	android:versionCode
		INJECTED from src\main\AndroidManifest.xml
		INJECTED from src\main\AndroidManifest.xml
uses-permission#android.permission.CALL_PHONE
ADDED from src\main\AndroidManifest.xml:5:5-69
	android:name
		ADDED from src\main\AndroidManifest.xml:5:22-66
uses-feature#android.hardware.telephony
ADDED from src\main\AndroidManifest.xml:7:5-63
	android:name
		ADDED from src\main\AndroidManifest.xml:7:19-60
uses-permission#android.permission.INTERNET
ADDED from src\main\AndroidManifest.xml:9:5-67
MERGED from [com.github.lawloretienne:imagegallery:0.0.14] AndroidManifest.xml:11:5-67
	android:name
		ADDED from src\main\AndroidManifest.xml:9:22-64
uses-permission#android.permission.ACCESS_NETWORK_STATE
ADDED from src\main\AndroidManifest.xml:10:5-79
	android:name
		ADDED from src\main\AndroidManifest.xml:10:22-76
application
ADDED from src\main\AndroidManifest.xml:12:5-95:19
MERGED from [com.android.support:appcompat-v7:23.3.0] AndroidManifest.xml:25:5-20
MERGED from [com.android.support:support-vector-drawable:23.3.0] AndroidManifest.xml:7:5-20
MERGED from [com.android.support:support-v4:23.3.0] AndroidManifest.xml:22:5-20
MERGED from [com.android.support:animated-vector-drawable:23.3.0] AndroidManifest.xml:7:5-20
MERGED from [com.android.support:support-vector-drawable:23.3.0] AndroidManifest.xml:7:5-20
MERGED from [com.android.support:support-v4:23.3.0] AndroidManifest.xml:22:5-20
MERGED from [com.android.support:support-v4:23.3.0] AndroidManifest.xml:22:5-20
MERGED from [com.android.support:cardview-v7:23.3.0] AndroidManifest.xml:22:5-20
MERGED from [com.jpardogo.materialtabstrip:library:1.0.6] AndroidManifest.xml:9:5-20
MERGED from [com.android.support:support-v4:23.3.0] AndroidManifest.xml:22:5-20
MERGED from [com.android.support:support-v4:23.3.0] AndroidManifest.xml:22:5-20
MERGED from [com.android.support:design:23.3.0] AndroidManifest.xml:22:5-20
MERGED from [com.android.support:appcompat-v7:23.3.0] AndroidManifest.xml:25:5-20
MERGED from [com.android.support:support-vector-drawable:23.3.0] AndroidManifest.xml:7:5-20
MERGED from [com.android.support:support-v4:23.3.0] AndroidManifest.xml:22:5-20
MERGED from [com.android.support:animated-vector-drawable:23.3.0] AndroidManifest.xml:7:5-20
MERGED from [com.android.support:support-vector-drawable:23.3.0] AndroidManifest.xml:7:5-20
MERGED from [com.android.support:support-v4:23.3.0] AndroidManifest.xml:22:5-20
MERGED from [com.android.support:support-v4:23.3.0] AndroidManifest.xml:22:5-20
MERGED from [com.android.support:support-v4:23.3.0] AndroidManifest.xml:22:5-20
MERGED from [com.android.support:support-v4:23.3.0] AndroidManifest.xml:22:5-20
MERGED from [com.android.support:support-v4:23.3.0] AndroidManifest.xml:22:5-20
MERGED from [com.mcxiaoke.volley:library-aar:1.0.0] AndroidManifest.xml:5:5-19
MERGED from [com.android.support:appcompat-v7:23.3.0] AndroidManifest.xml:25:5-20
MERGED from [com.android.support:support-vector-drawable:23.3.0] AndroidManifest.xml:7:5-20
MERGED from [com.android.support:support-v4:23.3.0] AndroidManifest.xml:22:5-20
MERGED from [com.android.support:animated-vector-drawable:23.3.0] AndroidManifest.xml:7:5-20
MERGED from [com.android.support:support-vector-drawable:23.3.0] AndroidManifest.xml:7:5-20
MERGED from [com.android.support:support-v4:23.3.0] AndroidManifest.xml:22:5-20
MERGED from [com.android.support:support-v4:23.3.0] AndroidManifest.xml:22:5-20
MERGED from [com.synnapps:carouselview:0.0.9] AndroidManifest.xml:11:5-15:19
MERGED from [com.android.support:support-v4:23.3.0] AndroidManifest.xml:22:5-20
MERGED from [com.android.support:appcompat-v7:23.3.0] AndroidManifest.xml:25:5-20
MERGED from [com.android.support:support-vector-drawable:23.3.0] AndroidManifest.xml:7:5-20
MERGED from [com.android.support:support-v4:23.3.0] AndroidManifest.xml:22:5-20
MERGED from [com.android.support:animated-vector-drawable:23.3.0] AndroidManifest.xml:7:5-20
MERGED from [com.android.support:support-vector-drawable:23.3.0] AndroidManifest.xml:7:5-20
MERGED from [com.android.support:support-v4:23.3.0] AndroidManifest.xml:22:5-20
MERGED from [com.android.support:support-v4:23.3.0] AndroidManifest.xml:22:5-20
MERGED from [com.github.lawloretienne:imagegallery:0.0.14] AndroidManifest.xml:13:5-19:19
MERGED from [com.android.support:support-v4:23.3.0] AndroidManifest.xml:22:5-20
MERGED from [com.android.support:appcompat-v7:23.3.0] AndroidManifest.xml:25:5-20
MERGED from [com.android.support:support-vector-drawable:23.3.0] AndroidManifest.xml:7:5-20
MERGED from [com.android.support:support-v4:23.3.0] AndroidManifest.xml:22:5-20
MERGED from [com.android.support:animated-vector-drawable:23.3.0] AndroidManifest.xml:7:5-20
MERGED from [com.android.support:support-vector-drawable:23.3.0] AndroidManifest.xml:7:5-20
MERGED from [com.android.support:support-v4:23.3.0] AndroidManifest.xml:22:5-20
MERGED from [com.android.support:support-v4:23.3.0] AndroidManifest.xml:22:5-20
MERGED from [com.android.support:palette-v7:23.3.0] AndroidManifest.xml:22:5-23:19
MERGED from [com.android.support:support-v4:23.3.0] AndroidManifest.xml:22:5-20
	android:label
		ADDED from [com.synnapps:carouselview:0.0.9] AndroidManifest.xml:13:9-41
	android:supportsRtl
		ADDED from [com.synnapps:carouselview:0.0.9] AndroidManifest.xml:14:9-35
	android:allowBackup
		ADDED from src\main\AndroidManifest.xml:14:9-35
	android:icon
		ADDED from src\main\AndroidManifest.xml:15:9-45
	android:theme
		ADDED from src\main\AndroidManifest.xml:16:9-48
	android:name
		ADDED from src\main\AndroidManifest.xml:13:9-56
activity#com.eeesoft.eeeapp.SplashActivity
ADDED from src\main\AndroidManifest.xml:17:9-27:20
	android:screenOrientation
		ADDED from src\main\AndroidManifest.xml:21:13-49
	android:label
		ADDED from src\main\AndroidManifest.xml:20:13-45
	android:configChanges
		ADDED from src\main\AndroidManifest.xml:19:13-48
	android:name
		ADDED from src\main\AndroidManifest.xml:18:13-61
intent-filter#android.intent.action.MAIN+android.intent.category.LAUNCHER
ADDED from src\main\AndroidManifest.xml:22:13-26:29
action#android.intent.action.MAIN
ADDED from src\main\AndroidManifest.xml:23:17-69
	android:name
		ADDED from src\main\AndroidManifest.xml:23:25-66
category#android.intent.category.LAUNCHER
ADDED from src\main\AndroidManifest.xml:25:17-77
	android:name
		ADDED from src\main\AndroidManifest.xml:25:27-74
activity#com.etiennelawlor.imagegallery.library.activities.ImageGalleryActivity
ADDED from src\main\AndroidManifest.xml:28:9-33:56
	android:screenOrientation
		ADDED from src\main\AndroidManifest.xml:32:13-49
	android:label
		ADDED from src\main\AndroidManifest.xml:31:13-29
	android:configChanges
		ADDED from src\main\AndroidManifest.xml:30:13-48
	android:theme
		ADDED from src\main\AndroidManifest.xml:33:13-53
	android:name
		ADDED from src\main\AndroidManifest.xml:29:13-98
activity#com.eeesoft.eeeapp.ContactUs
ADDED from src\main\AndroidManifest.xml:34:9-38:52
	android:screenOrientation
		ADDED from src\main\AndroidManifest.xml:38:13-49
	android:label
		ADDED from src\main\AndroidManifest.xml:37:13-30
	android:configChanges
		ADDED from src\main\AndroidManifest.xml:36:13-48
	android:name
		ADDED from src\main\AndroidManifest.xml:35:13-56
activity#com.eeesoft.eeeapp.ContactUsList
ADDED from src\main\AndroidManifest.xml:39:9-43:52
	android:screenOrientation
		ADDED from src\main\AndroidManifest.xml:43:13-49
	android:label
		ADDED from src\main\AndroidManifest.xml:42:13-30
	android:configChanges
		ADDED from src\main\AndroidManifest.xml:41:13-48
	android:name
		ADDED from src\main\AndroidManifest.xml:40:13-60
activity#com.eeesoft.eeeapp.OnMaP
ADDED from src\main\AndroidManifest.xml:44:9-47:52
	android:screenOrientation
		ADDED from src\main\AndroidManifest.xml:47:13-49
	android:configChanges
		ADDED from src\main\AndroidManifest.xml:46:13-48
	android:name
		ADDED from src\main\AndroidManifest.xml:45:13-52
activity#com.eeesoft.eeeapp.CardViewActivity
ADDED from src\main\AndroidManifest.xml:48:9-51:52
	android:screenOrientation
		ADDED from src\main\AndroidManifest.xml:51:13-49
	android:configChanges
		ADDED from src\main\AndroidManifest.xml:50:13-48
	android:name
		ADDED from src\main\AndroidManifest.xml:49:13-63
activity#com.eeesoft.eeeapp.Content
ADDED from src\main\AndroidManifest.xml:52:9-56:52
	android:screenOrientation
		ADDED from src\main\AndroidManifest.xml:56:13-49
	android:label
		ADDED from src\main\AndroidManifest.xml:55:13-59
	android:configChanges
		ADDED from src\main\AndroidManifest.xml:54:13-48
	android:name
		ADDED from src\main\AndroidManifest.xml:53:13-54
activity#com.eeesoft.eeeapp.GalleryAct
ADDED from src\main\AndroidManifest.xml:57:9-61:52
	android:screenOrientation
		ADDED from src\main\AndroidManifest.xml:61:13-49
	android:label
		ADDED from src\main\AndroidManifest.xml:60:13-59
	android:configChanges
		ADDED from src\main\AndroidManifest.xml:59:13-48
	android:name
		ADDED from src\main\AndroidManifest.xml:58:13-57
activity#com.eeesoft.eeeapp.Profile
ADDED from src\main\AndroidManifest.xml:62:9-66:52
	android:screenOrientation
		ADDED from src\main\AndroidManifest.xml:66:13-49
	android:label
		ADDED from src\main\AndroidManifest.xml:65:13-36
	android:configChanges
		ADDED from src\main\AndroidManifest.xml:64:13-48
	android:name
		ADDED from src\main\AndroidManifest.xml:63:13-54
activity#com.eeesoft.eeeapp.Blogs
ADDED from src\main\AndroidManifest.xml:67:9-71:52
	android:screenOrientation
		ADDED from src\main\AndroidManifest.xml:71:13-49
	android:label
		ADDED from src\main\AndroidManifest.xml:70:13-57
	android:configChanges
		ADDED from src\main\AndroidManifest.xml:69:13-48
	android:name
		ADDED from src\main\AndroidManifest.xml:68:13-52
activity#com.eeesoft.eeeapp.Blog
ADDED from src\main\AndroidManifest.xml:72:9-76:52
	android:screenOrientation
		ADDED from src\main\AndroidManifest.xml:76:13-49
	android:label
		ADDED from src\main\AndroidManifest.xml:75:13-56
	android:configChanges
		ADDED from src\main\AndroidManifest.xml:74:13-48
	android:name
		ADDED from src\main\AndroidManifest.xml:73:13-51
activity#com.eeesoft.eeeapp.HomeCarouselViewActivity
ADDED from src\main\AndroidManifest.xml:77:9-81:52
	android:screenOrientation
		ADDED from src\main\AndroidManifest.xml:81:13-49
	android:label
		ADDED from src\main\AndroidManifest.xml:80:13-70
	android:configChanges
		ADDED from src\main\AndroidManifest.xml:79:13-48
	android:name
		ADDED from src\main\AndroidManifest.xml:78:13-71
activity#com.eeesoft.eeeapp.Team3EActivity
ADDED from src\main\AndroidManifest.xml:82:9-86:52
	android:screenOrientation
		ADDED from src\main\AndroidManifest.xml:86:13-49
	android:label
		ADDED from src\main\AndroidManifest.xml:85:13-59
	android:configChanges
		ADDED from src\main\AndroidManifest.xml:84:13-48
	android:name
		ADDED from src\main\AndroidManifest.xml:83:13-61
activity#com.eeesoft.eeeapp.MainActivity
ADDED from src\main\AndroidManifest.xml:87:9-91:52
	android:screenOrientation
		ADDED from src\main\AndroidManifest.xml:91:13-49
	android:label
		ADDED from src\main\AndroidManifest.xml:90:13-45
	android:configChanges
		ADDED from src\main\AndroidManifest.xml:89:13-48
	android:name
		ADDED from src\main\AndroidManifest.xml:88:13-59
activity#com.eeesoft.eeeapp.Policy
ADDED from src\main\AndroidManifest.xml:92:9-94:70
	android:label
		ADDED from src\main\AndroidManifest.xml:94:13-58
	android:name
		ADDED from src\main\AndroidManifest.xml:93:13-53
uses-sdk
INJECTED from src\main\AndroidManifest.xml reason: use-sdk injection requested
MERGED from [com.android.support:appcompat-v7:23.3.0] AndroidManifest.xml:21:5-23:78
MERGED from [com.android.support:support-vector-drawable:23.3.0] AndroidManifest.xml:5:5-43
MERGED from [com.android.support:support-v4:23.3.0] AndroidManifest.xml:20:5-43
MERGED from [com.android.support:animated-vector-drawable:23.3.0] AndroidManifest.xml:5:5-44
MERGED from [com.android.support:support-vector-drawable:23.3.0] AndroidManifest.xml:5:5-43
MERGED from [com.android.support:support-v4:23.3.0] AndroidManifest.xml:20:5-43
MERGED from [com.android.support:support-v4:23.3.0] AndroidManifest.xml:20:5-43
MERGED from [com.android.support:cardview-v7:23.3.0] AndroidManifest.xml:20:5-43
MERGED from [com.jpardogo.materialtabstrip:library:1.0.6] AndroidManifest.xml:5:5-7:41
MERGED from [com.android.support:support-v4:23.3.0] AndroidManifest.xml:20:5-43
MERGED from [com.android.support:support-v4:23.3.0] AndroidManifest.xml:20:5-43
MERGED from [com.android.support:design:23.3.0] AndroidManifest.xml:20:5-43
MERGED from [com.android.support:appcompat-v7:23.3.0] AndroidManifest.xml:21:5-23:78
MERGED from [com.android.support:support-vector-drawable:23.3.0] AndroidManifest.xml:5:5-43
MERGED from [com.android.support:support-v4:23.3.0] AndroidManifest.xml:20:5-43
MERGED from [com.android.support:animated-vector-drawable:23.3.0] AndroidManifest.xml:5:5-44
MERGED from [com.android.support:support-vector-drawable:23.3.0] AndroidManifest.xml:5:5-43
MERGED from [com.android.support:support-v4:23.3.0] AndroidManifest.xml:20:5-43
MERGED from [com.android.support:support-v4:23.3.0] AndroidManifest.xml:20:5-43
MERGED from [com.android.support:support-v4:23.3.0] AndroidManifest.xml:20:5-43
MERGED from [com.android.support:recyclerview-v7:23.3.0] AndroidManifest.xml:20:5-43
MERGED from [com.android.support:support-v4:23.3.0] AndroidManifest.xml:20:5-43
MERGED from [com.android.support:recyclerview-v7:23.3.0] AndroidManifest.xml:20:5-43
MERGED from [com.android.support:support-v4:23.3.0] AndroidManifest.xml:20:5-43
MERGED from [com.mcxiaoke.volley:library-aar:1.0.0] AndroidManifest.xml:3:5-72
MERGED from [com.android.support:appcompat-v7:23.3.0] AndroidManifest.xml:21:5-23:78
MERGED from [com.android.support:support-vector-drawable:23.3.0] AndroidManifest.xml:5:5-43
MERGED from [com.android.support:support-v4:23.3.0] AndroidManifest.xml:20:5-43
MERGED from [com.android.support:animated-vector-drawable:23.3.0] AndroidManifest.xml:5:5-44
MERGED from [com.android.support:support-vector-drawable:23.3.0] AndroidManifest.xml:5:5-43
MERGED from [com.android.support:support-v4:23.3.0] AndroidManifest.xml:20:5-43
MERGED from [com.android.support:support-v4:23.3.0] AndroidManifest.xml:20:5-43
MERGED from [com.synnapps:carouselview:0.0.9] AndroidManifest.xml:7:5-9:41
MERGED from [com.android.support:recyclerview-v7:23.3.0] AndroidManifest.xml:20:5-43
MERGED from [com.android.support:support-v4:23.3.0] AndroidManifest.xml:20:5-43
MERGED from [com.android.support:appcompat-v7:23.3.0] AndroidManifest.xml:21:5-23:78
MERGED from [com.android.support:support-vector-drawable:23.3.0] AndroidManifest.xml:5:5-43
MERGED from [com.android.support:support-v4:23.3.0] AndroidManifest.xml:20:5-43
MERGED from [com.android.support:animated-vector-drawable:23.3.0] AndroidManifest.xml:5:5-44
MERGED from [com.android.support:support-vector-drawable:23.3.0] AndroidManifest.xml:5:5-43
MERGED from [com.android.support:support-v4:23.3.0] AndroidManifest.xml:20:5-43
MERGED from [com.android.support:support-v4:23.3.0] AndroidManifest.xml:20:5-43
MERGED from [com.github.lawloretienne:imagegallery:0.0.14] AndroidManifest.xml:7:5-9:41
MERGED from [com.android.support:recyclerview-v7:23.3.0] AndroidManifest.xml:20:5-43
MERGED from [com.android.support:support-v4:23.3.0] AndroidManifest.xml:20:5-43
MERGED from [com.android.support:appcompat-v7:23.3.0] AndroidManifest.xml:21:5-23:78
MERGED from [com.android.support:support-vector-drawable:23.3.0] AndroidManifest.xml:5:5-43
MERGED from [com.android.support:support-v4:23.3.0] AndroidManifest.xml:20:5-43
MERGED from [com.android.support:animated-vector-drawable:23.3.0] AndroidManifest.xml:5:5-44
MERGED from [com.android.support:support-vector-drawable:23.3.0] AndroidManifest.xml:5:5-43
MERGED from [com.android.support:support-v4:23.3.0] AndroidManifest.xml:20:5-43
MERGED from [com.android.support:support-v4:23.3.0] AndroidManifest.xml:20:5-43
MERGED from [com.android.support:palette-v7:23.3.0] AndroidManifest.xml:20:5-43
MERGED from [com.android.support:support-v4:23.3.0] AndroidManifest.xml:20:5-43
	tools:overrideLibrary
		ADDED from [com.android.support:appcompat-v7:23.3.0] AndroidManifest.xml:23:9-75
	android:targetSdkVersion
		INJECTED from src\main\AndroidManifest.xml
		INJECTED from src\main\AndroidManifest.xml
	android:minSdkVersion
		INJECTED from src\main\AndroidManifest.xml
		INJECTED from src\main\AndroidManifest.xml
activity#com.etiennelawlor.imagegallery.library.activities.FullScreenImageGalleryActivity
ADDED from [com.github.lawloretienne:imagegallery:0.0.14] AndroidManifest.xml:14:9-18:56
	android:label
		ADDED from [com.github.lawloretienne:imagegallery:0.0.14] AndroidManifest.xml:17:13-29
	android:configChanges
		ADDED from [com.github.lawloretienne:imagegallery:0.0.14] AndroidManifest.xml:16:13-74
	android:theme
		ADDED from [com.github.lawloretienne:imagegallery:0.0.14] AndroidManifest.xml:18:13-53
	android:name
		ADDED from [com.github.lawloretienne:imagegallery:0.0.14] AndroidManifest.xml:15:13-108